<?xml version="1.0" encoding="UTF-8"?>
<!-- Generated by org.testng.reporters.JUnitReportReporter -->
<testsuite skipped="0" hostname="LAPTOP-6I37K8RN" name="com.traning.restapitest.ApiAutomationCountry" tests="1" failures="0" timestamp="03 Mar 2022 18:42:17 GMT" time="5.568" errors="0">
  <testcase name="validatelogin" time="5.568" classname="com.traning.restapitest.ApiAutomationCountry"/>
</testsuite> <!-- com.traning.restapitest.ApiAutomationCountry -->
