<?xml version="1.0" encoding="UTF-8"?>
<!-- Generated by org.testng.reporters.JUnitReportReporter -->
<testsuite skipped="0" hostname="LAPTOP-6I37K8RN" name="com.traning.restapitest.ApiAutomation" tests="1" failures="0" timestamp="03 Mar 2022 18:57:42 GMT" time="9.072" errors="0">
  <testcase name="validatelogin" time="9.072" classname="com.traning.restapitest.ApiAutomation"/>
</testsuite> <!-- com.traning.restapitest.ApiAutomation -->
